<?xml version="1.0" encoding="UTF-8"?>
<testng-results ignored="0" total="1" passed="1" failed="0" skipped="0">
  <reporter-output>
  </reporter-output>
  <suite started-at="2024-08-20T15:20:13 IST" name="Default suite" finished-at="2024-08-20T15:21:42 IST" duration-ms="89334">
    <groups>
    </groups>
    <test started-at="2024-08-20T15:20:13 IST" name="Default test" finished-at="2024-08-20T15:21:42 IST" duration-ms="89334">
      <class name="tests.invalidLogin">
        <test-method is-config="true" signature="setUp()[pri:0, instance:tests.invalidLogin@1f9e9475]" started-at="2024-08-20T15:20:13 IST" name="setUp" finished-at="2024-08-20T15:20:25 IST" duration-ms="12336" status="PASS">
          <reporter-output>
          </reporter-output>
        </test-method> <!-- setUp -->
        <test-method signature="loginTest()[pri:0, instance:tests.invalidLogin@1f9e9475]" started-at="2024-08-20T15:20:25 IST" name="loginTest" finished-at="2024-08-20T15:21:41 IST" duration-ms="75918" status="PASS">
          <reporter-output>
          </reporter-output>
        </test-method> <!-- loginTest -->
        <test-method is-config="true" signature="tearDown()[pri:0, instance:tests.invalidLogin@1f9e9475]" started-at="2024-08-20T15:21:41 IST" name="tearDown" finished-at="2024-08-20T15:21:42 IST" duration-ms="879" status="PASS">
          <reporter-output>
          </reporter-output>
        </test-method> <!-- tearDown -->
      </class> <!-- tests.invalidLogin -->
    </test> <!-- Default test -->
  </suite> <!-- Default suite -->
</testng-results>
