<?xml version="1.0" encoding="UTF-8"?>
<testng-results ignored="0" total="1" passed="1" failed="0" skipped="0">
  <reporter-output>
  </reporter-output>
  <suite started-at="2023-11-22T17:33:21 IST" name="Default suite" finished-at="2023-11-22T17:33:44 IST" duration-ms="22720">
    <groups>
    </groups>
    <test started-at="2023-11-22T17:33:21 IST" name="Default test" finished-at="2023-11-22T17:33:44 IST" duration-ms="22720">
      <class name="ServiceAdmin.Login">
        <test-method is-config="true" signature="setup()[pri:0, instance:ServiceAdmin.Login@17497425]" started-at="2023-11-22T17:33:21 IST" name="setup" finished-at="2023-11-22T17:33:33 IST" duration-ms="11510" status="PASS">
          <reporter-output>
          </reporter-output>
        </test-method> <!-- setup -->
        <test-method signature="verifyLoginwithvalidUsernameInvalidPassword()[pri:2, instance:ServiceAdmin.Login@17497425]" started-at="2023-11-22T17:33:33 IST" name="verifyLoginwithvalidUsernameInvalidPassword" finished-at="2023-11-22T17:33:44 IST" duration-ms="11137" status="PASS">
          <reporter-output>
          </reporter-output>
        </test-method> <!-- verifyLoginwithvalidUsernameInvalidPassword -->
      </class> <!-- ServiceAdmin.Login -->
    </test> <!-- Default test -->
  </suite> <!-- Default suite -->
</testng-results>
