<?xml version="1.0" encoding="UTF-8"?>
<!-- Generated by org.testng.reporters.JUnitXMLReporter -->
<testsuite ignored="4" hostname="Neenus-Air.alphionsee.in" failures="0" tests="1" name="Default test" time="22.72" errors="0" timestamp="2023-11-22T17:33:44 IST">
  <testcase classname="ServiceAdmin.Login" name="verifyLoginwithvalidUsernameInvalidPassword" time="11.137"/>
  <testcase classname="ServiceAdmin.Login" name="verifyLoginwithInvalidUsernameValidPassword" time="0.0">
    <ignored/>
  </testcase> <!-- verifyLoginwithInvalidUsernameValidPassword -->
  <testcase classname="ServiceAdmin.Login" name="verifyLoginWithValidInputs" time="0.0">
    <ignored/>
  </testcase> <!-- verifyLoginWithValidInputs -->
  <testcase classname="ServiceAdmin.Login" name="verifyLoginwithInvalidUsernameInvalidPassword" time="0.0">
    <ignored/>
  </testcase> <!-- verifyLoginwithInvalidUsernameInvalidPassword -->
  <testcase classname="ServiceAdmin.Login" name="verifyLoginwithNoInputs" time="0.0">
    <ignored/>
  </testcase> <!-- verifyLoginwithNoInputs -->
</testsuite> <!-- Default test -->
